<?xml version="1.0" encoding="UTF-8"?>
<testsuite xmlns:xsi="http://www.w3.org/2001/XMLSchema-instance" xsi:noNamespaceSchemaLocation="https://maven.apache.org/surefire/maven-surefire-plugin/xsd/surefire-test-report-3.0.xsd" version="3.0" name="edu.mondragon.os.pbl.recyclai.IntegrationTest" time="2.323" tests="3" errors="0" skipped="0" failures="0">
  <properties>
[...]
</properties>
  <testcase name="testSystemWithBackendIntegration" classname="edu.mondragon.os.pbl.recyclai.IntegrationTest" time="1.246">
    <system-out><![CDATA[[13/01/2026 10:01:46] Tester assigned to BIN_1. Starting disposal route.
[13/01/2026 10:01:46] Tester has thrown PLASTIC in BIN_1 (id=PLASTIC). Level=1/2
[13/01/2026 10:01:47] Tester has thrown PLASTIC in BIN_1 (id=PLASTIC). Level=2/2
[13/01/2026 10:01:47] ALERT: PLASTIC in BIN_1 is now FULL.
[13/01/2026 10:01:47] SYSTEM: Single compartment full in BIN_1. Requesting collection.
[13/01/2026 10:01:47] SYSTEM: Request received from BIN_1. Sending message to queue.
[13/01/2026 10:01:47] COLLECTOR: New job assigned! Moving to BIN_1.
[13/01/2026 10:01:47] COLLECTOR: Emptying compartments in BIN_1...
[13/01/2026 10:01:47] Tester waits for PLASTIC in BIN_1 (COLLECTOR is working).
[13/01/2026 10:01:48] COLLECTOR: Finished BIN_1.
[13/01/2026 10:01:48] Tester has thrown PLASTIC in BIN_1 (id=PLASTIC). Level=1/2
[13/01/2026 10:01:48] Tester has finished disposing all trash in BIN_1.
[13/01/2026 10:01:48] SYSTEM: Sending shutdown signal (Poison Pill) to Collector.
[13/01/2026 10:01:48] COLLECTOR: Shift ended.
]]></system-out>
    <system-err><![CDATA[[INTEGRATION ERROR] Could not connect to Backend: null
[INTEGRATION ERROR] Could not connect to Backend: null
[SYNC ERROR] No se pudo comprobar estado: null
[INTEGRATION ERROR] Could not connect to Backend: null
[INTEGRATION ERROR] Could not connect to Backend: null
]]></system-err>
  </testcase>
  <testcase name="testConcurrentBinAccess" classname="edu.mondragon.os.pbl.recyclai.IntegrationTest" time="0.005">
    <system-out><![CDATA[[13/01/2026 10:01:48] User1 has thrown PAPER in BIN_1 (id=PAPER). Level=1/10
[13/01/2026 10:01:48] User0 has thrown PLASTIC in BIN_1 (id=PLASTIC). Level=1/10
[13/01/2026 10:01:48] User4 has thrown GENERAL in BIN_1 (id=GENERAL). Level=1/10
[13/01/2026 10:01:48] User3 has thrown ORGANIC in BIN_1 (id=ORGANIC). Level=1/10
[13/01/2026 10:01:48] User2 has thrown GLASS in BIN_1 (id=GLASS). Level=1/10
]]></system-out>
  </testcase>
  <testcase name="testFullSystemIntegration" classname="edu.mondragon.os.pbl.recyclai.IntegrationTest" time="1.066">
    <system-out><![CDATA[[13/01/2026 10:01:48] U1 assigned to BIN_2. Starting disposal route.
[13/01/2026 10:01:48] U1 has thrown PLASTIC in BIN_2 (id=PLASTIC). Level=1/4
[13/01/2026 10:01:48] U2 assigned to BIN_2. Starting disposal route.
[13/01/2026 10:01:48] U2 has thrown PAPER in BIN_2 (id=PAPER). Level=1/4
[13/01/2026 10:01:48] U2 has finished disposing all trash in BIN_2.
[13/01/2026 10:01:48] U1 has thrown GLASS in BIN_2 (id=GLASS). Level=1/4
[13/01/2026 10:01:48] U1 has finished disposing all trash in BIN_2.
[13/01/2026 10:01:48] SYSTEM: Sending shutdown signal (Poison Pill) to Collector.
[13/01/2026 10:01:48] COLLECTOR: Shift ended.
[13/01/2026 10:01:48] TECHNICIAN: Shift ended.
]]></system-out>
    <system-err><![CDATA[[INTEGRATION ERROR] Could not connect to Backend: null
[INTEGRATION ERROR] Could not connect to Backend: null
[INTEGRATION ERROR] Could not connect to Backend: null
]]></system-err>
  </testcase>
</testsuite>