<?xml version="1.0" encoding="UTF-8"?>
<testsuite xmlns:xsi="http://www.w3.org/2001/XMLSchema-instance" xsi:noNamespaceSchemaLocation="https://maven.apache.org/surefire/maven-surefire-plugin/xsd/surefire-test-report-3.0.xsd" version="3.0" name="edu.mondragon.os.pbl.recyclai.DomainModelTest" time="0.612" tests="14" errors="0" skipped="0" failures="0">
  <properties>
[...]
</properties>
  <testcase name="testReportFullCompartmentDoesNotDuplicateRequest" classname="edu.mondragon.os.pbl.recyclai.DomainModelTest" time="0.002">
    <system-out><![CDATA[[13/01/2026 10:01:43] Person 1 has thrown PLASTIC in BIN_1 (id=PLASTIC). Level=1/2
[13/01/2026 10:01:43] Person 2 has thrown PLASTIC in BIN_1 (id=PLASTIC). Level=2/2
[13/01/2026 10:01:43] ALERT: PLASTIC in BIN_1 is now FULL.
[13/01/2026 10:01:43] SYSTEM: Single compartment full in BIN_1. Requesting collection.
[13/01/2026 10:01:43] SYSTEM: Request received from BIN_1. Sending message to queue.
[13/01/2026 10:01:43] Person 3 has thrown GLASS in BIN_1 (id=GLASS). Level=1/2
[13/01/2026 10:01:43] Person 4 has thrown GLASS in BIN_1 (id=GLASS). Level=2/2
[13/01/2026 10:01:43] ALERT: GLASS in BIN_1 is now FULL.
[13/01/2026 10:01:43] SYSTEM: Single compartment full in BIN_1. Requesting collection.
[13/01/2026 10:01:43] SYSTEM: Request received from BIN_1. Sending message to queue.
]]></system-out>
  </testcase>
  <testcase name="testSpecificTypeConditionWaiting" classname="edu.mondragon.os.pbl.recyclai.DomainModelTest" time="0.054">
    <system-out><![CDATA[[13/01/2026 10:01:43] Person 0 has thrown PLASTIC in BIN_1 (id=PLASTIC). Level=1/4
[13/01/2026 10:01:43] Person 1 has thrown PLASTIC in BIN_1 (id=PLASTIC). Level=2/4
[13/01/2026 10:01:43] Person 2 has thrown PLASTIC in BIN_1 (id=PLASTIC). Level=3/4
[13/01/2026 10:01:43] Person 3 has thrown PLASTIC in BIN_1 (id=PLASTIC). Level=4/4
[13/01/2026 10:01:43] ALERT: PLASTIC in BIN_1 is now FULL.
[13/01/2026 10:01:43] SYSTEM: Single compartment full in BIN_1. Requesting collection.
[13/01/2026 10:01:43] SYSTEM: Request received from BIN_1. Sending message to queue.
[13/01/2026 10:01:43] Blocked wants to throw PLASTIC in BIN_1 but it is FULL (4/4).
[13/01/2026 10:01:43] Glass has thrown GLASS in BIN_1 (id=GLASS). Level=1/4
[13/01/2026 10:01:43] Blocked has thrown PLASTIC in BIN_1 (id=PLASTIC). Level=1/4
]]></system-out>
    <system-err><![CDATA[[INTEGRATION ERROR] Could not connect to Backend: null
[INTEGRATION ERROR] Could not connect to Backend: null
[INTEGRATION ERROR] Could not connect to Backend: null
]]></system-err>
  </testcase>
  <testcase name="testStopSystemInterrupted" classname="edu.mondragon.os.pbl.recyclai.DomainModelTest" time="0.001">
    <system-out><![CDATA[[13/01/2026 10:01:43] SYSTEM: Sending shutdown signal (Poison Pill) to Collector.
]]></system-out>
  </testcase>
  <testcase name="testEmptyAllCompartments" classname="edu.mondragon.os.pbl.recyclai.DomainModelTest" time="0.001">
    <system-out><![CDATA[[13/01/2026 10:01:43] Person has thrown GLASS in BIN_1 (id=GLASS). Level=1/4
[13/01/2026 10:01:43] Person 2 has thrown GLASS in BIN_1 (id=GLASS). Level=1/4
]]></system-out>
  </testcase>
  <testcase name="testMaintenanceAndBrokenConflict" classname="edu.mondragon.os.pbl.recyclai.DomainModelTest" time="0.103"/>
  <testcase name="testProducerConsumerQueue" classname="edu.mondragon.os.pbl.recyclai.DomainModelTest" time="0.003">
    <system-out><![CDATA[[13/01/2026 10:01:43] SYSTEM: Request received from BIN_1. Sending message to queue.
]]></system-out>
  </testcase>
  <testcase name="testBinBrokenBlocksUsers" classname="edu.mondragon.os.pbl.recyclai.DomainModelTest" time="0.055">
    <system-out><![CDATA[[13/01/2026 10:01:43] Person waits for GLASS in BIN_1 (BROKEN).
[13/01/2026 10:01:44] Person has thrown GLASS in BIN_1 (id=GLASS). Level=1/4
]]></system-out>
  </testcase>
  <testcase name="testServiceRequestedPriority" classname="edu.mondragon.os.pbl.recyclai.DomainModelTest" time="0.105">
    <system-out><![CDATA[[13/01/2026 10:01:44] Person waits for PLASTIC in BIN_1 (BROKEN).
[13/01/2026 10:01:44] COLLECTOR: Finished BIN_1.
[13/01/2026 10:01:44] COLLECTOR: New job assigned! Moving to BIN_3.
[13/01/2026 10:01:44] COLLECTOR: Emptying compartments in BIN_3...
[13/01/2026 10:01:44] Person has thrown PLASTIC in BIN_1 (id=PLASTIC). Level=1/4
]]></system-out>
    <system-err><![CDATA[[INTEGRATION ERROR] Could not connect to Backend: null
[INTEGRATION ERROR] Could not connect to Backend: null
]]></system-err>
  </testcase>
  <testcase name="testBinFullTriggersCollection" classname="edu.mondragon.os.pbl.recyclai.DomainModelTest" time="0.001">
    <system-out><![CDATA[[13/01/2026 10:01:44] User0 has thrown PLASTIC in BIN_1 (id=PLASTIC). Level=1/4
[13/01/2026 10:01:44] User1 has thrown PLASTIC in BIN_1 (id=PLASTIC). Level=2/4
[13/01/2026 10:01:44] User2 has thrown PLASTIC in BIN_1 (id=PLASTIC). Level=3/4
[13/01/2026 10:01:44] User3 has thrown PLASTIC in BIN_1 (id=PLASTIC). Level=4/4
[13/01/2026 10:01:44] ALERT: PLASTIC in BIN_1 is now FULL.
[13/01/2026 10:01:44] SYSTEM: Single compartment full in BIN_1. Requesting collection.
[13/01/2026 10:01:44] SYSTEM: Request received from BIN_1. Sending message to queue.
]]></system-out>
  </testcase>
  <testcase name="testRequestCollectionInterrupted" classname="edu.mondragon.os.pbl.recyclai.DomainModelTest" time="0.001">
    <system-out><![CDATA[[13/01/2026 10:01:44] SYSTEM: Request received from BIN_1. Sending message to queue.
]]></system-out>
    <system-err><![CDATA[[INTEGRATION ERROR] Could not connect to Backend: null
]]></system-err>
  </testcase>
  <testcase name="testBinMaintenanceBlocksUsers" classname="edu.mondragon.os.pbl.recyclai.DomainModelTest" time="0.056">
    <system-out><![CDATA[[13/01/2026 10:01:44] Person waits for PLASTIC in BIN_1 (COLLECTOR is working).
[13/01/2026 10:01:44] Person has thrown PLASTIC in BIN_1 (id=PLASTIC). Level=1/4
]]></system-out>
  </testcase>
  <testcase name="testSystemInitialization" classname="edu.mondragon.os.pbl.recyclai.DomainModelTest" time="0.001"/>
  <testcase name="testEmptyAllCompartmentsWakesWaitingThreads" classname="edu.mondragon.os.pbl.recyclai.DomainModelTest" time="0.211">
    <system-out><![CDATA[[13/01/2026 10:01:44] Person 1 has thrown PLASTIC in BIN_1 (id=PLASTIC). Level=1/2
[13/01/2026 10:01:44] Person 2 has thrown PLASTIC in BIN_1 (id=PLASTIC). Level=2/2
[13/01/2026 10:01:44] ALERT: PLASTIC in BIN_1 is now FULL.
[13/01/2026 10:01:44] SYSTEM: Single compartment full in BIN_1. Requesting collection.
[13/01/2026 10:01:44] SYSTEM: Request received from BIN_1. Sending message to queue.
[13/01/2026 10:01:44] Person 3 wants to throw PLASTIC in BIN_1 but it is FULL (2/2).
[13/01/2026 10:01:44] Person 3 has thrown PLASTIC in BIN_1 (id=PLASTIC). Level=1/2
]]></system-out>
    <system-err><![CDATA[[INTEGRATION ERROR] Could not connect to Backend: null
]]></system-err>
  </testcase>
  <testcase name="testSystemShutdown" classname="edu.mondragon.os.pbl.recyclai.DomainModelTest" time="0.004">
    <system-out><![CDATA[[13/01/2026 10:01:44] SYSTEM: Sending shutdown signal (Poison Pill) to Collector.
]]></system-out>
  </testcase>
</testsuite>