<?xml version="1.0" encoding="UTF-8"?>
<testsuite xmlns:xsi="http://www.w3.org/2001/XMLSchema-instance" xsi:noNamespaceSchemaLocation="https://maven.apache.org/surefire/maven-surefire-plugin/xsd/surefire-test-report-3.0.xsd" version="3.0" name="edu.mondragon.os.pbl.recyclai.CoreTest" time="2.506" tests="13" errors="0" skipped="0" failures="0">
  <properties>
[...]
</properties>
  <testcase name="testSystemTimeFormatting" classname="edu.mondragon.os.pbl.recyclai.CoreTest" time="0.001"/>
  <testcase name="testBackendServiceConcurrency" classname="edu.mondragon.os.pbl.recyclai.CoreTest" time="0.518">
    <system-err><![CDATA[[INTEGRATION ERROR] Could not connect to Backend: null
[SYNC ERROR] No se pudo comprobar estado: null
[SYNC ERROR] No se pudo comprobar estado: null
[SYNC ERROR] No se pudo comprobar estado: null
[SYNC ERROR] No se pudo comprobar estado: null
[INTEGRATION ERROR] Could not connect to Backend: null
[INTEGRATION ERROR] Could not connect to Backend: null
[SYNC ERROR] No se pudo comprobar estado: null
[INTEGRATION ERROR] Could not connect to Backend: null
[INTEGRATION ERROR] Could not connect to Backend: null
[SYNC ERROR] No se pudo comprobar estado: null
[SYNC ERROR] No se pudo comprobar estado: null
[INTEGRATION ERROR] Could not connect to Backend: null
[INTEGRATION ERROR] Could not connect to Backend: null
[INTEGRATION ERROR] Could not connect to Backend: null
[INTEGRATION ERROR] Could not connect to Backend: null
[SYNC ERROR] No se pudo comprobar estado: null
[INTEGRATION ERROR] Could not connect to Backend: null
[SYNC ERROR] No se pudo comprobar estado: null
[SYNC ERROR] No se pudo comprobar estado: null
[INTEGRATION ERROR] Could not connect to Backend: null
[INTEGRATION ERROR] Could not connect to Backend: null
[INTEGRATION ERROR] Could not connect to Backend: null
[INTEGRATION ERROR] Could not connect to Backend: null
[INTEGRATION ERROR] Could not connect to Backend: null
[INTEGRATION ERROR] Could not connect to Backend: null
[INTEGRATION ERROR] Could not connect to Backend: null
[INTEGRATION ERROR] Could not connect to Backend: null
[INTEGRATION ERROR] Could not connect to Backend: null
[INTEGRATION ERROR] Could not connect to Backend: null
]]></system-err>
  </testcase>
  <testcase name="testTrashGenerator" classname="edu.mondragon.os.pbl.recyclai.CoreTest" time="0.002"/>
  <testcase name="testGetBinWithModulo" classname="edu.mondragon.os.pbl.recyclai.CoreTest" time="0.001"/>
  <testcase name="testBackendServiceWithRealHttpCalls" classname="edu.mondragon.os.pbl.recyclai.CoreTest" time="1.325">
    <system-out><![CDATA[[13/01/2026 10:01:45] COLLECTOR: Finished BIN_3.
[13/01/2026 10:01:45] Person 5 waits for PLASTIC in BIN_3 (COLLECTOR is working).
[13/01/2026 10:01:45] Person 6 waits for PLASTIC in BIN_3 (COLLECTOR is working).
[13/01/2026 10:01:45] Person 7 waits for PLASTIC in BIN_3 (COLLECTOR is working).
[13/01/2026 10:01:45] Person 9 waits for GENERAL in BIN_3 (COLLECTOR is working).
[13/01/2026 10:01:45] Person 5 has thrown PLASTIC in BIN_3 (id=PLASTIC). Level=1/4
[13/01/2026 10:01:45] Person 6 has thrown PLASTIC in BIN_3 (id=PLASTIC). Level=2/4
[13/01/2026 10:01:45] Person 7 has thrown PLASTIC in BIN_3 (id=PLASTIC). Level=3/4
[13/01/2026 10:01:45] Person 9 has thrown GENERAL in BIN_3 (id=GENERAL). Level=1/4
[13/01/2026 10:01:45] Person 7 has finished disposing all trash in BIN_3.
[13/01/2026 10:01:45] Person 9 has thrown ORGANIC in BIN_3 (id=ORGANIC). Level=1/4
[13/01/2026 10:01:45] Person 5 has thrown ORGANIC in BIN_3 (id=ORGANIC). Level=2/4
[13/01/2026 10:01:45] Person 6 has finished disposing all trash in BIN_3.
[13/01/2026 10:01:45] Person 9 has thrown ORGANIC in BIN_3 (id=ORGANIC). Level=3/4
[13/01/2026 10:01:45] Person 5 has finished disposing all trash in BIN_3.
[13/01/2026 10:01:45] Person 9 has finished disposing all trash in BIN_3.
]]></system-out>
  </testcase>
  <testcase name="testBackendServiceEdgeCases" classname="edu.mondragon.os.pbl.recyclai.CoreTest" time="0.211">
    <system-err><![CDATA[[INTEGRATION ERROR] Could not connect to Backend: null
[INTEGRATION ERROR] Could not connect to Backend: null
[INTEGRATION ERROR] Could not connect to Backend: null
[INTEGRATION ERROR] Could not connect to Backend: null
[SYNC ERROR] No se pudo comprobar estado: null
[INTEGRATION ERROR] Could not connect to Backend: null
]]></system-err>
  </testcase>
  <testcase name="testBackendServiceInterruptionHandling" classname="edu.mondragon.os.pbl.recyclai.CoreTest" time="0.211">
    <system-err><![CDATA[[SYNC ERROR] Interrupted during status check
[INTEGRATION ERROR] Could not connect to Backend: null
[INTEGRATION ERROR] Could not connect to Backend: null
]]></system-err>
  </testcase>
  <testcase name="testTrashGeneratorConstructor" classname="edu.mondragon.os.pbl.recyclai.CoreTest" time="0.004"/>
  <testcase name="testBackendServiceAsyncMethods" classname="edu.mondragon.os.pbl.recyclai.CoreTest" time="0.209">
    <system-err><![CDATA[[INTEGRATION ERROR] Could not connect to Backend: null
[INTEGRATION ERROR] Could not connect to Backend: null
[INTEGRATION ERROR] Could not connect to Backend: null
[INTEGRATION ERROR] Could not connect to Backend: null
]]></system-err>
  </testcase>
  <testcase name="testBackendServiceConstructor" classname="edu.mondragon.os.pbl.recyclai.CoreTest" time="0.001"/>
  <testcase name="testCompartmentLogic" classname="edu.mondragon.os.pbl.recyclai.CoreTest" time="0.001"/>
  <testcase name="testTrashTypeEnum" classname="edu.mondragon.os.pbl.recyclai.CoreTest" time="0.001"/>
  <testcase name="testBackendServiceGetStatusFallback" classname="edu.mondragon.os.pbl.recyclai.CoreTest" time="0.006">
    <system-err><![CDATA[[SYNC ERROR] No se pudo comprobar estado: null
[SYNC ERROR] No se pudo comprobar estado: null
[SYNC ERROR] No se pudo comprobar estado: null
[SYNC ERROR] No se pudo comprobar estado: null
]]></system-err>
  </testcase>
</testsuite>